<?xml version="1.0" encoding="UTF-8"?>
<testng-results ignored="0" total="1" passed="1" failed="0" skipped="0">
  <reporter-output>
  </reporter-output>
  <suite started-at="2022-09-09T00:00:23 IST" name="Default suite" finished-at="2022-09-09T00:00:23 IST" duration-ms="99">
    <groups>
    </groups>
    <test started-at="2022-09-09T00:00:23 IST" name="Default test" finished-at="2022-09-09T00:00:23 IST" duration-ms="99">
      <class name="Test1">
        <test-method signature="sampleTest()[pri:0, instance:Test1@418e7838]" started-at="2022-09-09T00:00:23 IST" name="sampleTest" finished-at="2022-09-09T00:00:23 IST" duration-ms="12" status="PASS">
          <reporter-output>
          </reporter-output>
        </test-method> <!-- sampleTest -->
      </class> <!-- Test1 -->
    </test> <!-- Default test -->
  </suite> <!-- Default suite -->
</testng-results>
